# JRE version: OpenJDK Runtime Environment (7.0_65-b32) (build 1.7.0_65-b32)
# Java VM: OpenJDK 64-Bit Server VM (24.65-b04 mixed mode linux-amd64 compressed oops)
Heap
 PSYoungGen      total 301056K, used 144106K [0x00000000eaa80000, 0x0000000100000000, 0x0000000100000000)
  eden space 279040K, 43% used [0x00000000eaa80000,0x00000000f21bf878,0x00000000fbb00000)
  from space 22016K, 99% used [0x00000000fea80000,0x00000000ffffb318,0x0000000100000000)
  to   space 35328K, 0% used [0x00000000fbb00000,0x00000000fbb00000,0x00000000fdd80000)
 ParOldGen       total 699392K, used 275947K [0x00000000bff80000, 0x00000000eaa80000, 0x00000000eaa80000)
  object space 699392K, 39% used [0x00000000bff80000,0x00000000d0cfae50,0x00000000eaa80000)
 PSPermGen       total 262144K, used 225582K [0x00000000aff80000, 0x00000000bff80000, 0x00000000bff80000)
  object space 262144K, 86% used [0x00000000aff80000,0x00000000bdbcb920,0x00000000bff80000)
GC Heap History (10 events):
Event: 100700.331 GC heap before
{Heap before GC invocations=2728 (full 1):
 PSYoungGen      total 332800K, used 316480K [0x00000000eaa80000, 0x0000000100000000, 0x0000000100000000)
  eden space 316416K, 100% used [0x00000000eaa80000,0x00000000fdf80000,0x00000000fdf80000)
  from space 16384K, 0% used [0x00000000fdf80000,0x00000000fdf90000,0x00000000fef80000)
  to   space 15360K, 0% used [0x00000000ff100000,0x00000000ff100000,0x0000000100000000)
 ParOldGen       total 699392K, used 240705K [0x00000000bff80000, 0x00000000eaa80000, 0x00000000eaa80000)
  object space 699392K, 34% used [0x00000000bff80000,0x00000000cea90788,0x00000000eaa80000)
 PSPermGen       total 262144K, used 198462K [0x00000000aff80000, 0x00000000bff80000, 0x00000000bff80000)
  object space 262144K, 75% used [0x00000000aff80000,0x00000000bc14f848,0x00000000bff80000)
Event: 100700.336 GC heap after
Heap after GC invocations=2728 (full 1):
 PSYoungGen      total 334848K, used 64K [0x00000000eaa80000, 0x0000000100000000, 0x0000000100000000)
  eden space 319488K, 0% used [0x00000000eaa80000,0x00000000eaa80000,0x00000000fe280000)
  from space 15360K, 0% used [0x00000000ff100000,0x00000000ff110000,0x0000000100000000)
  to   space 14848K, 0% used [0x00000000fe280000,0x00000000fe280000,0x00000000ff100000)
 ParOldGen       total 699392K, used 240705K [0x00000000bff80000, 0x00000000eaa80000, 0x00000000eaa80000)
  object space 699392K, 34% used [0x00000000bff80000,0x00000000cea90788,0x00000000eaa80000)
 PSPermGen       total 262144K, used 198462K [0x00000000aff80000, 0x00000000bff80000, 0x00000000bff80000)
  object space 262144K, 75% used [0x00000000aff80000,0x00000000bc14f848,0x00000000bff80000)
}
Event: 100714.945 GC heap before
{Heap before GC invocations=2729 (full 1):
 PSYoungGen      total 334848K, used 319552K [0x00000000eaa80000, 0x0000000100000000, 0x0000000100000000)
  eden space 319488K, 100% used [0x00000000eaa80000,0x00000000fe280000,0x00000000fe280000)
  from space 15360K, 0% used [0x00000000ff100000,0x00000000ff110000,0x0000000100000000)
  to   space 14848K, 0% used [0x00000000fe280000,0x00000000fe280000,0x00000000ff100000)
 ParOldGen       total 699392K, used 240705K [0x00000000bff80000, 0x00000000eaa80000, 0x00000000eaa80000)
  object space 699392K, 34% used [0x00000000bff80000,0x00000000cea90788,0x00000000eaa80000)
 PSPermGen       total 262144K, used 199988K [0x00000000aff80000, 0x00000000bff80000, 0x00000000bff80000)
  object space 262144K, 76% used [0x00000000aff80000,0x00000000bc2cd398,0x00000000bff80000)
Event: 100714.961 GC heap after
Heap after GC invocations=2729 (full 1):
 PSYoungGen      total 334336K, used 14834K [0x00000000eaa80000, 0x0000000100000000, 0x0000000100000000)
  eden space 319488K, 0% used [0x00000000eaa80000,0x00000000eaa80000,0x00000000fe280000)
  from space 14848K, 99% used [0x00000000fe280000,0x00000000ff0fcb48,0x00000000ff100000)
  to   space 15360K, 0% used [0x00000000ff100000,0x00000000ff100000,0x0000000100000000)
 ParOldGen       total 699392K, used 244701K [0x00000000bff80000, 0x00000000eaa80000, 0x00000000eaa80000)
  object space 699392K, 34% used [0x00000000bff80000,0x00000000cee77558,0x00000000eaa80000)
 PSPermGen       total 262144K, used 199988K [0x00000000aff80000, 0x00000000bff80000, 0x00000000bff80000)
  object space 262144K, 76% used [0x00000000aff80000,0x00000000bc2cd398,0x00000000bff80000)
}
Event: 100750.393 GC heap before
{Heap before GC invocations=2730 (full 1):
 PSYoungGen      total 334336K, used 334322K [0x00000000eaa80000, 0x0000000100000000, 0x0000000100000000)
  eden space 319488K, 100% used [0x00000000eaa80000,0x00000000fe280000,0x00000000fe280000)
  from space 14848K, 99% used [0x00000000fe280000,0x00000000ff0fcb48,0x00000000ff100000)
  to   space 15360K, 0% used [0x00000000ff100000,0x00000000ff100000,0x0000000100000000)
 ParOldGen       total 699392K, used 244701K [0x00000000bff80000, 0x00000000eaa80000, 0x00000000eaa80000)
  object space 699392K, 34% used [0x00000000bff80000,0x00000000cee77558,0x00000000eaa80000)
 PSPermGen       total 262144K, used 205445K [0x00000000aff80000, 0x00000000bff80000, 0x00000000bff80000)
  object space 262144K, 78% used [0x00000000aff80000,0x00000000bc821568,0x00000000bff80000)
Event: 100750.409 GC heap after
Heap after GC invocations=2730 (full 1):
 PSYoungGen      total 325120K, used 9831K [0x00000000eaa80000, 0x0000000100000000, 0x0000000100000000)
  eden space 309760K, 0% used [0x00000000eaa80000,0x00000000eaa80000,0x00000000fd900000)
  from space 15360K, 64% used [0x00000000ff100000,0x00000000ffa99e08,0x0000000100000000)
  to   space 19968K, 0% used [0x00000000fd900000,0x00000000fd900000,0x00000000fec80000)
 ParOldGen       total 699392K, used 249220K [0x00000000bff80000, 0x00000000eaa80000, 0x00000000eaa80000)
  object space 699392K, 35% used [0x00000000bff80000,0x00000000cf2e1020,0x00000000eaa80000)
 PSPermGen       total 262144K, used 205445K [0x00000000aff80000, 0x00000000bff80000, 0x00000000bff80000)
  object space 262144K, 78% used [0x00000000aff80000,0x00000000bc821568,0x00000000bff80000)
}
Event: 100822.475 GC heap before
{Heap before GC invocations=2731 (full 1):
 PSYoungGen      total 325120K, used 319591K [0x00000000eaa80000, 0x0000000100000000, 0x0000000100000000)
  eden space 309760K, 100% used [0x00000000eaa80000,0x00000000fd900000,0x00000000fd900000)
  from space 15360K, 64% used [0x00000000ff100000,0x00000000ffa99e08,0x0000000100000000)
  to   space 19968K, 0% used [0x00000000fd900000,0x00000000fd900000,0x00000000fec80000)
 ParOldGen       total 699392K, used 249220K [0x00000000bff80000, 0x00000000eaa80000, 0x00000000eaa80000)
  object space 699392K, 35% used [0x00000000bff80000,0x00000000cf2e1020,0x00000000eaa80000)
 PSPermGen       total 262144K, used 212220K [0x00000000aff80000, 0x00000000bff80000, 0x00000000bff80000)
  object space 262144K, 80% used [0x00000000aff80000,0x00000000bcebf0a8,0x00000000bff80000)
Event: 100822.488 GC heap after
Heap after GC invocations=2731 (full 1):
 PSYoungGen      total 323072K, used 13164K [0x00000000eaa80000, 0x0000000100000000, 0x0000000100000000)
  eden space 309760K, 0% used [0x00000000eaa80000,0x00000000eaa80000,0x00000000fd900000)
  from space 13312K, 98% used [0x00000000fd900000,0x00000000fe5db1a0,0x00000000fe600000)
  to   space 22016K, 0% used [0x00000000fea80000,0x00000000fea80000,0x0000000100000000)
 ParOldGen       total 699392K, used 251283K [0x00000000bff80000, 0x00000000eaa80000, 0x00000000eaa80000)
  object space 699392K, 35% used [0x00000000bff80000,0x00000000cf4e4c08,0x00000000eaa80000)
 PSPermGen       total 262144K, used 212220K [0x00000000aff80000, 0x00000000bff80000, 0x00000000bff80000)
  object space 262144K, 80% used [0x00000000aff80000,0x00000000bcebf0a8,0x00000000bff80000)
}
Event: 101191.874 GC heap before
{Heap before GC invocations=2732 (full 1):
 PSYoungGen      total 323072K, used 322924K [0x00000000eaa80000, 0x0000000100000000, 0x0000000100000000)
  eden space 309760K, 100% used [0x00000000eaa80000,0x00000000fd900000,0x00000000fd900000)
  from space 13312K, 98% used [0x00000000fd900000,0x00000000fe5db1a0,0x00000000fe600000)
  to   space 22016K, 0% used [0x00000000fea80000,0x00000000fea80000,0x0000000100000000)
 ParOldGen       total 699392K, used 251283K [0x00000000bff80000, 0x00000000eaa80000, 0x00000000eaa80000)
  object space 699392K, 35% used [0x00000000bff80000,0x00000000cf4e4c08,0x00000000eaa80000)
 PSPermGen       total 262144K, used 220540K [0x00000000aff80000, 0x00000000bff80000, 0x00000000bff80000)
  object space 262144K, 84% used [0x00000000aff80000,0x00000000bd6df308,0x00000000bff80000)
Event: 101191.907 GC heap after
Heap after GC invocations=2732 (full 1):
 PSYoungGen      total 301056K, used 21996K [0x00000000eaa80000, 0x0000000100000000, 0x0000000100000000)
  eden space 279040K, 0% used [0x00000000eaa80000,0x00000000eaa80000,0x00000000fbb00000)
  from space 22016K, 99% used [0x00000000fea80000,0x00000000ffffb318,0x0000000100000000)
  to   space 35328K, 0% used [0x00000000fbb00000,0x00000000fbb00000,0x00000000fdd80000)
 ParOldGen       total 699392K, used 275947K [0x00000000bff80000, 0x00000000eaa80000, 0x00000000eaa80000)
  object space 699392K, 39% used [0x00000000bff80000,0x00000000d0cfae50,0x00000000eaa80000)
 PSPermGen       total 262144K, used 220540K [0x00000000aff80000, 0x00000000bff80000, 0x00000000bff80000)
  object space 262144K, 84% used [0x00000000aff80000,0x00000000bd6df308,0x00000000bff80000)
}

